2022-02-23T08:19:49+00:00 CRITICAL syntax error, unexpected '}', expecting end of file en I:\xampp\htdocs\Aventurax.co\wp-content\themes\generatepress\functions.php en la línea 132

2022-02-23T08:21:49+00:00 CRITICAL syntax error, unexpected '}', expecting end of file en I:\xampp\htdocs\Aventurax.co\wp-content\themes\generatepress\functions.php en la línea 132

2022-02-23T16:31:13+00:00 CRITICAL Uncaught Error: Call to a member function add_to_cart() on null in I:\xampp\htdocs\Aventurax.co\wp-content\themes\generatepress\functions.php:183
Stack trace:
#0 I:\xampp\htdocs\Aventurax.co\wp-includes\rest-api\class-wp-rest-server.php(1141): addProductVariationToCart(Object(WP_REST_Request))
#1 I:\xampp\htdocs\Aventurax.co\wp-includes\rest-api\class-wp-rest-server.php(988): WP_REST_Server->respond_to_request(Object(WP_REST_Request), '/custom-tour/v1...', Array, NULL)
#2 I:\xampp\htdocs\Aventurax.co\wp-includes\rest-api\class-wp-rest-server.php(414): WP_REST_Server->dispatch(Object(WP_REST_Request))
#3 I:\xampp\htdocs\Aventurax.co\wp-includes\rest-api.php(386): WP_REST_Server->serve_request('/custom-tour/v1...')
#4 I:\xampp\htdocs\Aventurax.co\wp-includes\class-wp-hook.php(307): rest_api_loaded(Object(WP))
#5 I:\xampp\htdocs\Aventurax.co\wp-includes\class-wp-hook.php(331): WP_Hook->apply_filters(NULL, Array)
#6 I:\xampp\htdocs\Aventurax.co\wp-includes\plugin.php(522): WP_Hook->do_action(Array)
#7 I:\xampp\ht en I:\xampp\htdocs\Aventurax.co\wp-content\themes\generatepress\functions.php en la línea 183

2022-02-23T16:33:22+00:00 CRITICAL Uncaught Error: Call to a member function add_to_cart() on null in I:\xampp\htdocs\Aventurax.co\wp-content\themes\generatepress\functions.php:183
Stack trace:
#0 I:\xampp\htdocs\Aventurax.co\wp-includes\rest-api\class-wp-rest-server.php(1141): addProductVariationToCart(Object(WP_REST_Request))
#1 I:\xampp\htdocs\Aventurax.co\wp-includes\rest-api\class-wp-rest-server.php(988): WP_REST_Server->respond_to_request(Object(WP_REST_Request), '/custom-tour/v1...', Array, NULL)
#2 I:\xampp\htdocs\Aventurax.co\wp-includes\rest-api\class-wp-rest-server.php(414): WP_REST_Server->dispatch(Object(WP_REST_Request))
#3 I:\xampp\htdocs\Aventurax.co\wp-includes\rest-api.php(386): WP_REST_Server->serve_request('/custom-tour/v1...')
#4 I:\xampp\htdocs\Aventurax.co\wp-includes\class-wp-hook.php(307): rest_api_loaded(Object(WP))
#5 I:\xampp\htdocs\Aventurax.co\wp-includes\class-wp-hook.php(331): WP_Hook->apply_filters(NULL, Array)
#6 I:\xampp\htdocs\Aventurax.co\wp-includes\plugin.php(522): WP_Hook->do_action(Array)
#7 I:\xampp\ht en I:\xampp\htdocs\Aventurax.co\wp-content\themes\generatepress\functions.php en la línea 183

2022-02-23T16:35:05+00:00 CRITICAL Uncaught Error: Call to a member function add_to_cart() on null in I:\xampp\htdocs\Aventurax.co\wp-content\themes\generatepress\functions.php:183
Stack trace:
#0 I:\xampp\htdocs\Aventurax.co\wp-includes\rest-api\class-wp-rest-server.php(1141): addProductVariationToCart(Object(WP_REST_Request))
#1 I:\xampp\htdocs\Aventurax.co\wp-includes\rest-api\class-wp-rest-server.php(988): WP_REST_Server->respond_to_request(Object(WP_REST_Request), '/custom-tour/v1...', Array, NULL)
#2 I:\xampp\htdocs\Aventurax.co\wp-includes\rest-api\class-wp-rest-server.php(414): WP_REST_Server->dispatch(Object(WP_REST_Request))
#3 I:\xampp\htdocs\Aventurax.co\wp-includes\rest-api.php(386): WP_REST_Server->serve_request('/custom-tour/v1...')
#4 I:\xampp\htdocs\Aventurax.co\wp-includes\class-wp-hook.php(307): rest_api_loaded(Object(WP))
#5 I:\xampp\htdocs\Aventurax.co\wp-includes\class-wp-hook.php(331): WP_Hook->apply_filters(NULL, Array)
#6 I:\xampp\htdocs\Aventurax.co\wp-includes\plugin.php(522): WP_Hook->do_action(Array)
#7 I:\xampp\ht en I:\xampp\htdocs\Aventurax.co\wp-content\themes\generatepress\functions.php en la línea 183

2022-02-23T16:50:14+00:00 CRITICAL Uncaught Error: Call to a member function add_to_cart() on null in I:\xampp\htdocs\Aventurax.co\wp-content\themes\generatepress\functions.php:183
Stack trace:
#0 I:\xampp\htdocs\Aventurax.co\wp-includes\rest-api\class-wp-rest-server.php(1141): addProductVariationToCart(Object(WP_REST_Request))
#1 I:\xampp\htdocs\Aventurax.co\wp-includes\rest-api\class-wp-rest-server.php(988): WP_REST_Server->respond_to_request(Object(WP_REST_Request), '/custom-tour/v1...', Array, NULL)
#2 I:\xampp\htdocs\Aventurax.co\wp-includes\rest-api\class-wp-rest-server.php(414): WP_REST_Server->dispatch(Object(WP_REST_Request))
#3 I:\xampp\htdocs\Aventurax.co\wp-includes\rest-api.php(386): WP_REST_Server->serve_request('/custom-tour/v1...')
#4 I:\xampp\htdocs\Aventurax.co\wp-includes\class-wp-hook.php(307): rest_api_loaded(Object(WP))
#5 I:\xampp\htdocs\Aventurax.co\wp-includes\class-wp-hook.php(331): WP_Hook->apply_filters(NULL, Array)
#6 I:\xampp\htdocs\Aventurax.co\wp-includes\plugin.php(522): WP_Hook->do_action(Array)
#7 I:\xampp\ht en I:\xampp\htdocs\Aventurax.co\wp-content\themes\generatepress\functions.php en la línea 183

2022-02-23T16:57:29+00:00 CRITICAL Uncaught Error: Call to a member function add_to_cart() on null in I:\xampp\htdocs\Aventurax.co\wp-content\themes\generatepress\functions.php:183
Stack trace:
#0 I:\xampp\htdocs\Aventurax.co\wp-includes\rest-api\class-wp-rest-server.php(1141): addProductVariationToCart(Object(WP_REST_Request))
#1 I:\xampp\htdocs\Aventurax.co\wp-includes\rest-api\class-wp-rest-server.php(988): WP_REST_Server->respond_to_request(Object(WP_REST_Request), '/custom-tour/v1...', Array, NULL)
#2 I:\xampp\htdocs\Aventurax.co\wp-includes\rest-api\class-wp-rest-server.php(414): WP_REST_Server->dispatch(Object(WP_REST_Request))
#3 I:\xampp\htdocs\Aventurax.co\wp-includes\rest-api.php(386): WP_REST_Server->serve_request('/custom-tour/v1...')
#4 I:\xampp\htdocs\Aventurax.co\wp-includes\class-wp-hook.php(307): rest_api_loaded(Object(WP))
#5 I:\xampp\htdocs\Aventurax.co\wp-includes\class-wp-hook.php(331): WP_Hook->apply_filters(NULL, Array)
#6 I:\xampp\htdocs\Aventurax.co\wp-includes\plugin.php(522): WP_Hook->do_action(Array)
#7 I:\xampp\ht en I:\xampp\htdocs\Aventurax.co\wp-content\themes\generatepress\functions.php en la línea 183

2022-02-23T17:02:48+00:00 CRITICAL Uncaught Error: Call to a member function add_to_cart() on null in I:\xampp\htdocs\Aventurax.co\wp-content\themes\generatepress\functions.php:183
Stack trace:
#0 I:\xampp\htdocs\Aventurax.co\wp-includes\rest-api\class-wp-rest-server.php(1141): addProductVariationToCart(Object(WP_REST_Request))
#1 I:\xampp\htdocs\Aventurax.co\wp-includes\rest-api\class-wp-rest-server.php(988): WP_REST_Server->respond_to_request(Object(WP_REST_Request), '/custom-tour/v1...', Array, NULL)
#2 I:\xampp\htdocs\Aventurax.co\wp-includes\rest-api\class-wp-rest-server.php(414): WP_REST_Server->dispatch(Object(WP_REST_Request))
#3 I:\xampp\htdocs\Aventurax.co\wp-includes\rest-api.php(386): WP_REST_Server->serve_request('/custom-tour/v1...')
#4 I:\xampp\htdocs\Aventurax.co\wp-includes\class-wp-hook.php(307): rest_api_loaded(Object(WP))
#5 I:\xampp\htdocs\Aventurax.co\wp-includes\class-wp-hook.php(331): WP_Hook->apply_filters(NULL, Array)
#6 I:\xampp\htdocs\Aventurax.co\wp-includes\plugin.php(522): WP_Hook->do_action(Array)
#7 I:\xampp\ht en I:\xampp\htdocs\Aventurax.co\wp-content\themes\generatepress\functions.php en la línea 183

2022-02-23T17:02:52+00:00 CRITICAL Uncaught Error: Call to a member function add_to_cart() on null in I:\xampp\htdocs\Aventurax.co\wp-content\themes\generatepress\functions.php:183
Stack trace:
#0 I:\xampp\htdocs\Aventurax.co\wp-includes\rest-api\class-wp-rest-server.php(1141): addProductVariationToCart(Object(WP_REST_Request))
#1 I:\xampp\htdocs\Aventurax.co\wp-includes\rest-api\class-wp-rest-server.php(988): WP_REST_Server->respond_to_request(Object(WP_REST_Request), '/custom-tour/v1...', Array, NULL)
#2 I:\xampp\htdocs\Aventurax.co\wp-includes\rest-api\class-wp-rest-server.php(414): WP_REST_Server->dispatch(Object(WP_REST_Request))
#3 I:\xampp\htdocs\Aventurax.co\wp-includes\rest-api.php(386): WP_REST_Server->serve_request('/custom-tour/v1...')
#4 I:\xampp\htdocs\Aventurax.co\wp-includes\class-wp-hook.php(307): rest_api_loaded(Object(WP))
#5 I:\xampp\htdocs\Aventurax.co\wp-includes\class-wp-hook.php(331): WP_Hook->apply_filters(NULL, Array)
#6 I:\xampp\htdocs\Aventurax.co\wp-includes\plugin.php(522): WP_Hook->do_action(Array)
#7 I:\xampp\ht en I:\xampp\htdocs\Aventurax.co\wp-content\themes\generatepress\functions.php en la línea 183

2022-02-23T17:14:11+00:00 CRITICAL Uncaught Error: Call to a member function add_to_cart() on null in I:\xampp\htdocs\Aventurax.co\wp-content\themes\generatepress\functions.php:183
Stack trace:
#0 I:\xampp\htdocs\Aventurax.co\wp-includes\rest-api\class-wp-rest-server.php(1141): addProductVariationToCart(Object(WP_REST_Request))
#1 I:\xampp\htdocs\Aventurax.co\wp-includes\rest-api\class-wp-rest-server.php(988): WP_REST_Server->respond_to_request(Object(WP_REST_Request), '/custom-tour/v1...', Array, NULL)
#2 I:\xampp\htdocs\Aventurax.co\wp-includes\rest-api\class-wp-rest-server.php(414): WP_REST_Server->dispatch(Object(WP_REST_Request))
#3 I:\xampp\htdocs\Aventurax.co\wp-includes\rest-api.php(386): WP_REST_Server->serve_request('/custom-tour/v1...')
#4 I:\xampp\htdocs\Aventurax.co\wp-includes\class-wp-hook.php(307): rest_api_loaded(Object(WP))
#5 I:\xampp\htdocs\Aventurax.co\wp-includes\class-wp-hook.php(331): WP_Hook->apply_filters(NULL, Array)
#6 I:\xampp\htdocs\Aventurax.co\wp-includes\plugin.php(522): WP_Hook->do_action(Array)
#7 I:\xampp\ht en I:\xampp\htdocs\Aventurax.co\wp-content\themes\generatepress\functions.php en la línea 183

2022-02-23T17:17:56+00:00 CRITICAL Uncaught Error: Call to a member function add_to_cart() on null in I:\xampp\htdocs\Aventurax.co\wp-content\themes\generatepress\functions.php:183
Stack trace:
#0 I:\xampp\htdocs\Aventurax.co\wp-includes\rest-api\class-wp-rest-server.php(1141): addProductVariationToCart(Object(WP_REST_Request))
#1 I:\xampp\htdocs\Aventurax.co\wp-includes\rest-api\class-wp-rest-server.php(988): WP_REST_Server->respond_to_request(Object(WP_REST_Request), '/custom-tour/v1...', Array, NULL)
#2 I:\xampp\htdocs\Aventurax.co\wp-includes\rest-api\class-wp-rest-server.php(414): WP_REST_Server->dispatch(Object(WP_REST_Request))
#3 I:\xampp\htdocs\Aventurax.co\wp-includes\rest-api.php(386): WP_REST_Server->serve_request('/custom-tour/v1...')
#4 I:\xampp\htdocs\Aventurax.co\wp-includes\class-wp-hook.php(307): rest_api_loaded(Object(WP))
#5 I:\xampp\htdocs\Aventurax.co\wp-includes\class-wp-hook.php(331): WP_Hook->apply_filters(NULL, Array)
#6 I:\xampp\htdocs\Aventurax.co\wp-includes\plugin.php(522): WP_Hook->do_action(Array)
#7 I:\xampp\ht en I:\xampp\htdocs\Aventurax.co\wp-content\themes\generatepress\functions.php en la línea 183

2022-02-23T17:34:56+00:00 CRITICAL Uncaught Error: Call to a member function add_to_cart() on null in I:\xampp\htdocs\Aventurax.co\wp-content\themes\generatepress\functions.php:186
Stack trace:
#0 I:\xampp\htdocs\Aventurax.co\wp-includes\rest-api\class-wp-rest-server.php(1141): addProductVariationToCart(Object(WP_REST_Request))
#1 I:\xampp\htdocs\Aventurax.co\wp-includes\rest-api\class-wp-rest-server.php(988): WP_REST_Server->respond_to_request(Object(WP_REST_Request), '/custom-tour/v1...', Array, NULL)
#2 I:\xampp\htdocs\Aventurax.co\wp-includes\rest-api\class-wp-rest-server.php(414): WP_REST_Server->dispatch(Object(WP_REST_Request))
#3 I:\xampp\htdocs\Aventurax.co\wp-includes\rest-api.php(386): WP_REST_Server->serve_request('/custom-tour/v1...')
#4 I:\xampp\htdocs\Aventurax.co\wp-includes\class-wp-hook.php(307): rest_api_loaded(Object(WP))
#5 I:\xampp\htdocs\Aventurax.co\wp-includes\class-wp-hook.php(331): WP_Hook->apply_filters(NULL, Array)
#6 I:\xampp\htdocs\Aventurax.co\wp-includes\plugin.php(522): WP_Hook->do_action(Array)
#7 I:\xampp\ht en I:\xampp\htdocs\Aventurax.co\wp-content\themes\generatepress\functions.php en la línea 186

2022-02-23T17:42:51+00:00 CRITICAL Uncaught Error: Call to a member function add_to_cart() on null in I:\xampp\htdocs\Aventurax.co\wp-content\themes\generatepress\functions.php:186
Stack trace:
#0 I:\xampp\htdocs\Aventurax.co\wp-includes\rest-api\class-wp-rest-server.php(1141): addProductVariationToCart(Object(WP_REST_Request))
#1 I:\xampp\htdocs\Aventurax.co\wp-includes\rest-api\class-wp-rest-server.php(988): WP_REST_Server->respond_to_request(Object(WP_REST_Request), '/custom-tour/v1...', Array, NULL)
#2 I:\xampp\htdocs\Aventurax.co\wp-includes\rest-api\class-wp-rest-server.php(414): WP_REST_Server->dispatch(Object(WP_REST_Request))
#3 I:\xampp\htdocs\Aventurax.co\wp-includes\rest-api.php(386): WP_REST_Server->serve_request('/custom-tour/v1...')
#4 I:\xampp\htdocs\Aventurax.co\wp-includes\class-wp-hook.php(307): rest_api_loaded(Object(WP))
#5 I:\xampp\htdocs\Aventurax.co\wp-includes\class-wp-hook.php(331): WP_Hook->apply_filters(NULL, Array)
#6 I:\xampp\htdocs\Aventurax.co\wp-includes\plugin.php(522): WP_Hook->do_action(Array)
#7 I:\xampp\ht en I:\xampp\htdocs\Aventurax.co\wp-content\themes\generatepress\functions.php en la línea 186

2022-02-23T17:45:44+00:00 CRITICAL Uncaught Error: Call to a member function add_to_cart() on null in I:\xampp\htdocs\Aventurax.co\wp-content\themes\generatepress\functions.php:188
Stack trace:
#0 I:\xampp\htdocs\Aventurax.co\wp-includes\rest-api\class-wp-rest-server.php(1141): addProductVariationToCart(Object(WP_REST_Request))
#1 I:\xampp\htdocs\Aventurax.co\wp-includes\rest-api\class-wp-rest-server.php(988): WP_REST_Server->respond_to_request(Object(WP_REST_Request), '/custom-tour/v1...', Array, NULL)
#2 I:\xampp\htdocs\Aventurax.co\wp-includes\rest-api\class-wp-rest-server.php(414): WP_REST_Server->dispatch(Object(WP_REST_Request))
#3 I:\xampp\htdocs\Aventurax.co\wp-includes\rest-api.php(386): WP_REST_Server->serve_request('/custom-tour/v1...')
#4 I:\xampp\htdocs\Aventurax.co\wp-includes\class-wp-hook.php(307): rest_api_loaded(Object(WP))
#5 I:\xampp\htdocs\Aventurax.co\wp-includes\class-wp-hook.php(331): WP_Hook->apply_filters(NULL, Array)
#6 I:\xampp\htdocs\Aventurax.co\wp-includes\plugin.php(522): WP_Hook->do_action(Array)
#7 I:\xampp\ht en I:\xampp\htdocs\Aventurax.co\wp-content\themes\generatepress\functions.php en la línea 188

2022-02-23T21:45:29+00:00 CRITICAL Uncaught Error: Call to a member function get_regular_price() on bool in I:\xampp\htdocs\Aventurax.co\wp-content\themes\generatepress\functions.php:240
Stack trace:
#0 I:\xampp\htdocs\Aventurax.co\wp-includes\rest-api\class-wp-rest-server.php(1141): getPriceByIdProductVariation(Object(WP_REST_Request))
#1 I:\xampp\htdocs\Aventurax.co\wp-includes\rest-api\class-wp-rest-server.php(988): WP_REST_Server->respond_to_request(Object(WP_REST_Request), '/custom-tour/v1...', Array, NULL)
#2 I:\xampp\htdocs\Aventurax.co\wp-includes\rest-api\class-wp-rest-server.php(414): WP_REST_Server->dispatch(Object(WP_REST_Request))
#3 I:\xampp\htdocs\Aventurax.co\wp-includes\rest-api.php(386): WP_REST_Server->serve_request('/custom-tour/v1...')
#4 I:\xampp\htdocs\Aventurax.co\wp-includes\class-wp-hook.php(307): rest_api_loaded(Object(WP))
#5 I:\xampp\htdocs\Aventurax.co\wp-includes\class-wp-hook.php(331): WP_Hook->apply_filters(NULL, Array)
#6 I:\xampp\htdocs\Aventurax.co\wp-includes\plugin.php(522): WP_Hook->do_action(Array)
#7 I: en I:\xampp\htdocs\Aventurax.co\wp-content\themes\generatepress\functions.php en la línea 240

2022-02-23T21:50:37+00:00 CRITICAL Uncaught Error: Call to a member function get_regular_price() on bool in I:\xampp\htdocs\Aventurax.co\wp-content\themes\generatepress\functions.php:240
Stack trace:
#0 I:\xampp\htdocs\Aventurax.co\wp-includes\rest-api\class-wp-rest-server.php(1141): getPriceByIdProductVariation(Object(WP_REST_Request))
#1 I:\xampp\htdocs\Aventurax.co\wp-includes\rest-api\class-wp-rest-server.php(988): WP_REST_Server->respond_to_request(Object(WP_REST_Request), '/custom-tour/v1...', Array, NULL)
#2 I:\xampp\htdocs\Aventurax.co\wp-includes\rest-api\class-wp-rest-server.php(414): WP_REST_Server->dispatch(Object(WP_REST_Request))
#3 I:\xampp\htdocs\Aventurax.co\wp-includes\rest-api.php(386): WP_REST_Server->serve_request('/custom-tour/v1...')
#4 I:\xampp\htdocs\Aventurax.co\wp-includes\class-wp-hook.php(307): rest_api_loaded(Object(WP))
#5 I:\xampp\htdocs\Aventurax.co\wp-includes\class-wp-hook.php(331): WP_Hook->apply_filters(NULL, Array)
#6 I:\xampp\htdocs\Aventurax.co\wp-includes\plugin.php(522): WP_Hook->do_action(Array)
#7 I: en I:\xampp\htdocs\Aventurax.co\wp-content\themes\generatepress\functions.php en la línea 240

2022-02-23T21:51:43+00:00 CRITICAL Uncaught Error: Call to a member function get_regular_price() on bool in I:\xampp\htdocs\Aventurax.co\wp-content\themes\generatepress\functions.php:240
Stack trace:
#0 I:\xampp\htdocs\Aventurax.co\wp-includes\rest-api\class-wp-rest-server.php(1141): getPriceByIdProductVariation(Object(WP_REST_Request))
#1 I:\xampp\htdocs\Aventurax.co\wp-includes\rest-api\class-wp-rest-server.php(988): WP_REST_Server->respond_to_request(Object(WP_REST_Request), '/custom-tour/v1...', Array, NULL)
#2 I:\xampp\htdocs\Aventurax.co\wp-includes\rest-api\class-wp-rest-server.php(414): WP_REST_Server->dispatch(Object(WP_REST_Request))
#3 I:\xampp\htdocs\Aventurax.co\wp-includes\rest-api.php(386): WP_REST_Server->serve_request('/custom-tour/v1...')
#4 I:\xampp\htdocs\Aventurax.co\wp-includes\class-wp-hook.php(307): rest_api_loaded(Object(WP))
#5 I:\xampp\htdocs\Aventurax.co\wp-includes\class-wp-hook.php(331): WP_Hook->apply_filters(NULL, Array)
#6 I:\xampp\htdocs\Aventurax.co\wp-includes\plugin.php(522): WP_Hook->do_action(Array)
#7 I: en I:\xampp\htdocs\Aventurax.co\wp-content\themes\generatepress\functions.php en la línea 240

